<?xml version="1.0" encoding="UTF-8"?>
<testsuite name="org.LaunchCode.hellospring.HelloSpringApplicationTests" tests="1" skipped="0" failures="0" errors="0" timestamp="2022-04-20T18:28:58" hostname="LAPTOP-UJ5R6EEM" time="0.549">
  <properties/>
  <testcase name="contextLoads()" classname="org.LaunchCode.hellospring.HelloSpringApplicationTests" time="0.549"/>
  <system-out><![CDATA[13:28:55.588 [Test worker] DEBUG org.springframework.test.context.BootstrapUtils - Instantiating CacheAwareContextLoaderDelegate from class [org.springframework.test.context.cache.DefaultCacheAwareContextLoaderDelegate]
13:28:55.598 [Test worker] DEBUG org.springframework.test.context.BootstrapUtils - Instantiating BootstrapContext using constructor [public org.springframework.test.context.support.DefaultBootstrapContext(java.lang.Class,org.springframework.test.context.CacheAwareContextLoaderDelegate)]
13:28:55.641 [Test worker] DEBUG org.springframework.test.context.BootstrapUtils - Instantiating TestContextBootstrapper for test class [org.LaunchCode.hellospring.HelloSpringApplicationTests] from class [org.springframework.boot.test.context.SpringBootTestContextBootstrapper]
13:28:55.654 [Test worker] INFO org.springframework.boot.test.context.SpringBootTestContextBootstrapper - Neither @ContextConfiguration nor @ContextHierarchy found for test class [org.LaunchCode.hellospring.HelloSpringApplicationTests], using SpringBootContextLoader
13:28:55.659 [Test worker] DEBUG org.springframework.test.context.support.AbstractContextLoader - Did not detect default resource location for test class [org.LaunchCode.hellospring.HelloSpringApplicationTests]: class path resource [org/LaunchCode/hellospring/HelloSpringApplicationTests-context.xml] does not exist
13:28:55.660 [Test worker] DEBUG org.springframework.test.context.support.AbstractContextLoader - Did not detect default resource location for test class [org.LaunchCode.hellospring.HelloSpringApplicationTests]: class path resource [org/LaunchCode/hellospring/HelloSpringApplicationTestsContext.groovy] does not exist
13:28:55.660 [Test worker] INFO org.springframework.test.context.support.AbstractContextLoader - Could not detect default resource locations for test class [org.LaunchCode.hellospring.HelloSpringApplicationTests]: no resource found for suffixes {-context.xml, Context.groovy}.
13:28:55.661 [Test worker] INFO org.springframework.test.context.support.AnnotationConfigContextLoaderUtils - Could not detect default configuration classes for test class [org.LaunchCode.hellospring.HelloSpringApplicationTests]: HelloSpringApplicationTests does not declare any static, non-private, non-final, nested classes annotated with @Configuration.
13:28:55.726 [Test worker] DEBUG org.springframework.test.context.support.ActiveProfilesUtils - Could not find an 'annotation declaring class' for annotation type [org.springframework.test.context.ActiveProfiles] and class [org.LaunchCode.hellospring.HelloSpringApplicationTests]
13:28:55.811 [Test worker] DEBUG org.springframework.context.annotation.ClassPathScanningCandidateComponentProvider - Identified candidate component class: file [C:\Users\winta\Java Projects\hello-spring\build\classes\java\main\org\LaunchCode\hellospring\HelloSpringApplication.class]
13:28:55.813 [Test worker] INFO org.springframework.boot.test.context.SpringBootTestContextBootstrapper - Found @SpringBootConfiguration org.LaunchCode.hellospring.HelloSpringApplication for test class org.LaunchCode.hellospring.HelloSpringApplicationTests
13:28:55.931 [Test worker] DEBUG org.springframework.boot.test.context.SpringBootTestContextBootstrapper - @TestExecutionListeners is not present for class [org.LaunchCode.hellospring.HelloSpringApplicationTests]: using defaults.
13:28:55.931 [Test worker] INFO org.springframework.boot.test.context.SpringBootTestContextBootstrapper - Loaded default TestExecutionListener class names from location [META-INF/spring.factories]: [org.springframework.boot.test.autoconfigure.restdocs.RestDocsTestExecutionListener, org.springframework.boot.test.autoconfigure.web.client.MockRestServiceServerResetTestExecutionListener, org.springframework.boot.test.autoconfigure.web.servlet.MockMvcPrintOnlyOnFailureTestExecutionListener, org.springframework.boot.test.autoconfigure.web.servlet.WebDriverTestExecutionListener, org.springframework.boot.test.autoconfigure.webservices.client.MockWebServiceServerTestExecutionListener, org.springframework.boot.test.mock.mockito.MockitoTestExecutionListener, org.springframework.boot.test.mock.mockito.ResetMocksTestExecutionListener, org.springframework.test.context.web.ServletTestExecutionListener, org.springframework.test.context.support.DirtiesContextBeforeModesTestExecutionListener, org.springframework.test.context.event.ApplicationEventsTestExecutionListener, org.springframework.test.context.support.DependencyInjectionTestExecutionListener, org.springframework.test.context.support.DirtiesContextTestExecutionListener, org.springframework.test.context.transaction.TransactionalTestExecutionListener, org.springframework.test.context.jdbc.SqlScriptsTestExecutionListener, org.springframework.test.context.event.EventPublishingTestExecutionListener]
13:28:55.950 [Test worker] DEBUG org.springframework.boot.test.context.SpringBootTestContextBootstrapper - Skipping candidate TestExecutionListener [org.springframework.test.context.transaction.TransactionalTestExecutionListener] due to a missing dependency. Specify custom listener classes or make the default listener classes and their required dependencies available. Offending class: [org/springframework/transaction/interceptor/TransactionAttributeSource]
13:28:55.954 [Test worker] DEBUG org.springframework.boot.test.context.SpringBootTestContextBootstrapper - Skipping candidate TestExecutionListener [org.springframework.test.context.jdbc.SqlScriptsTestExecutionListener] due to a missing dependency. Specify custom listener classes or make the default listener classes and their required dependencies available. Offending class: [org/springframework/transaction/interceptor/TransactionAttribute]
13:28:55.955 [Test worker] INFO org.springframework.boot.test.context.SpringBootTestContextBootstrapper - Using TestExecutionListeners: [org.springframework.test.context.web.ServletTestExecutionListener@72efb5c1, org.springframework.test.context.support.DirtiesContextBeforeModesTestExecutionListener@6d511b5f, org.springframework.test.context.event.ApplicationEventsTestExecutionListener@41200e0c, org.springframework.boot.test.mock.mockito.MockitoTestExecutionListener@40f33492, org.springframework.boot.test.autoconfigure.SpringBootDependencyInjectionTestExecutionListener@4fbdc0f0, org.springframework.test.context.support.DirtiesContextTestExecutionListener@2ad3a1bb, org.springframework.test.context.event.EventPublishingTestExecutionListener@6bc28a83, org.springframework.boot.test.autoconfigure.restdocs.RestDocsTestExecutionListener@324c64cd, org.springframework.boot.test.autoconfigure.web.client.MockRestServiceServerResetTestExecutionListener@13579834, org.springframework.boot.test.autoconfigure.web.servlet.MockMvcPrintOnlyOnFailureTestExecutionListener@24be2d9c, org.springframework.boot.test.autoconfigure.web.servlet.WebDriverTestExecutionListener@5bd73d1a, org.springframework.boot.test.autoconfigure.webservices.client.MockWebServiceServerTestExecutionListener@aec50a1, org.springframework.boot.test.mock.mockito.ResetMocksTestExecutionListener@2555fff0]
13:28:55.963 [Test worker] DEBUG org.springframework.test.context.support.AbstractDirtiesContextTestExecutionListener - Before test class: context [DefaultTestContext@fac80 testClass = HelloSpringApplicationTests, testInstance = [null], testMethod = [null], testException = [null], mergedContextConfiguration = [WebMergedContextConfiguration@726386ed testClass = HelloSpringApplicationTests, locations = '{}', classes = '{class org.LaunchCode.hellospring.HelloSpringApplication}', contextInitializerClasses = '[]', activeProfiles = '{}', propertySourceLocations = '{}', propertySourceProperties = '{org.springframework.boot.test.context.SpringBootTestContextBootstrapper=true}', contextCustomizers = set[org.springframework.boot.test.autoconfigure.actuate.metrics.MetricsExportContextCustomizerFactory$DisableMetricExportContextCustomizer@5c18016b, org.springframework.boot.test.autoconfigure.properties.PropertyMappingContextCustomizer@0, org.springframework.boot.test.autoconfigure.web.servlet.WebDriverContextCustomizerFactory$Customizer@40f70521, org.springframework.boot.test.context.filter.ExcludeFilterContextCustomizer@31aa3ca5, org.springframework.boot.test.json.DuplicateJsonObjectContextCustomizerFactory$DuplicateJsonObjectContextCustomizer@b6b1987, org.springframework.boot.test.mock.mockito.MockitoContextCustomizer@0, org.springframework.boot.test.web.client.TestRestTemplateContextCustomizer@5d2a4eed, org.springframework.boot.test.context.SpringBootTestArgs@1, org.springframework.boot.test.context.SpringBootTestWebEnvironment@18f8cd79], resourceBasePath = 'src/main/webapp', contextLoader = 'org.springframework.boot.test.context.SpringBootContextLoader', parent = [null]], attributes = map['org.springframework.test.context.web.ServletTestExecutionListener.activateListener' -> true]], class annotated with @DirtiesContext [false] with mode [null].

  .   ____          _            __ _ _
 /\\ / ___'_ __ _ _(_)_ __  __ _ \ \ \ \
( ( )\___ | '_ | '_| | '_ \/ _` | \ \ \ \
 \\/  ___)| |_)| | | | | || (_| |  ) ) ) )
  '  |____| .__|_| |_|_| |_\__, | / / / /
 =========|_|==============|___/=/_/_/_/
 :: Spring Boot ::                (v2.6.6)

2022-04-20 13:28:56.393  INFO 18712 --- [    Test worker] o.L.h.HelloSpringApplicationTests        : Starting HelloSpringApplicationTests using Java 11.0.12 on LAPTOP-UJ5R6EEM with PID 18712 (started by winta in C:\Users\winta\Java Projects\hello-spring)
2022-04-20 13:28:56.396  INFO 18712 --- [    Test worker] o.L.h.HelloSpringApplicationTests        : No active profile set, falling back to 1 default profile: "default"
2022-04-20 13:28:58.858  INFO 18712 --- [    Test worker] o.L.h.HelloSpringApplicationTests        : Started HelloSpringApplicationTests in 2.851 seconds (JVM running for 4.4)
]]></system-out>
  <system-err><![CDATA[]]></system-err>
</testsuite>
